# JRE version: Java(TM) SE Runtime Environment 18.9 (11.0.10+8) (build 11.0.10+8-LTS-162)
# Java VM: Java HotSpot(TM) 64-Bit Server VM 18.9 (11.0.10+8-LTS-162, mixed mode, tiered, compressed oops, g1 gc, windows-amd64)
Heap:
 garbage-first heap   total 187392K, used 58321K [0x0000000083800000, 0x0000000100000000)
  region size 1024K, 8 young (8192K), 2 survivors (2048K)
 Metaspace       used 34912K, capacity 35782K, committed 35884K, reserved 1081344K
  class space    used 3619K, capacity 3925K, committed 3968K, reserved 1048576K
GC Heap History (10 events):
Event: 4.353 GC heap before
{Heap before GC invocations=5 (full 0):
 garbage-first heap   total 129024K, used 85168K [0x0000000083800000, 0x0000000100000000)
  region size 1024K, 75 young (76800K), 10 survivors (10240K)
 Metaspace       used 22997K, capacity 23544K, committed 23808K, reserved 1071104K
  class space    used 2333K, capacity 2503K, committed 2560K, reserved 1048576K
}
Event: 4.368 GC heap after
{Heap after GC invocations=6 (full 0):
 garbage-first heap   total 155648K, used 22799K [0x0000000083800000, 0x0000000100000000)
  region size 1024K, 5 young (5120K), 5 survivors (5120K)
 Metaspace       used 22997K, capacity 23544K, committed 23808K, reserved 1071104K
  class space    used 2333K, capacity 2503K, committed 2560K, reserved 1048576K
}
Event: 5.565 GC heap before
{Heap before GC invocations=6 (full 0):
 garbage-first heap   total 155648K, used 99599K [0x0000000083800000, 0x0000000100000000)
  region size 1024K, 81 young (82944K), 5 survivors (5120K)
 Metaspace       used 31172K, capacity 31896K, committed 32000K, reserved 1077248K
  class space    used 3286K, capacity 3550K, committed 3584K, reserved 1048576K
}
Event: 5.578 GC heap after
{Heap after GC invocations=7 (full 0):
 garbage-first heap   total 155648K, used 39424K [0x0000000083800000, 0x0000000100000000)
  region size 1024K, 11 young (11264K), 11 survivors (11264K)
 Metaspace       used 31172K, capacity 31896K, committed 32000K, reserved 1077248K
  class space    used 3286K, capacity 3550K, committed 3584K, reserved 1048576K
}
Event: 6.220 GC heap before
{Heap before GC invocations=7 (full 0):
 garbage-first heap   total 155648K, used 105984K [0x0000000083800000, 0x0000000100000000)
  region size 1024K, 77 young (78848K), 11 survivors (11264K)
 Metaspace       used 32418K, capacity 33120K, committed 33408K, reserved 1079296K
  class space    used 3402K, capacity 3679K, committed 3712K, reserved 1048576K
}
Event: 6.232 GC heap after
{Heap after GC invocations=8 (full 0):
 garbage-first heap   total 155648K, used 49152K [0x0000000083800000, 0x0000000100000000)
  region size 1024K, 10 young (10240K), 10 survivors (10240K)
 Metaspace       used 32418K, capacity 33120K, committed 33408K, reserved 1079296K
  class space    used 3402K, capacity 3679K, committed 3712K, reserved 1048576K
}
Event: 7.033 GC heap before
{Heap before GC invocations=8 (full 0):
 garbage-first heap   total 155648K, used 107520K [0x0000000083800000, 0x0000000100000000)
  region size 1024K, 67 young (68608K), 10 survivors (10240K)
 Metaspace       used 34183K, capacity 34926K, committed 35200K, reserved 1081344K
  class space    used 3547K, capacity 3852K, committed 3968K, reserved 1048576K
}
Event: 7.047 GC heap after
{Heap after GC invocations=9 (full 0):
 garbage-first heap   total 155648K, used 51712K [0x0000000083800000, 0x0000000100000000)
  region size 1024K, 8 young (8192K), 8 survivors (8192K)
 Metaspace       used 34183K, capacity 34926K, committed 35200K, reserved 1081344K
  class space    used 3547K, capacity 3852K, committed 3968K, reserved 1048576K
}
Event: 7.188 GC heap before
{Heap before GC invocations=9 (full 0):
 garbage-first heap   total 155648K, used 55808K [0x0000000083800000, 0x0000000100000000)
  region size 1024K, 13 young (13312K), 8 survivors (8192K)
 Metaspace       used 34741K, capacity 35522K, committed 35628K, reserved 1081344K
  class space    used 3598K, capacity 3924K, committed 3968K, reserved 1048576K
}
Event: 7.194 GC heap after
{Heap after GC invocations=10 (full 0):
 garbage-first heap   total 187392K, used 53201K [0x0000000083800000, 0x0000000100000000)
  region size 1024K, 2 young (2048K), 2 survivors (2048K)
 Metaspace       used 34741K, capacity 35522K, committed 35628K, reserved 1081344K
  class space    used 3598K, capacity 3924K, committed 3968K, reserved 1048576K
}

