# JRE version: Java(TM) SE Runtime Environment 18.9 (11.0.10+8) (build 11.0.10+8-LTS-162)
# Java VM: Java HotSpot(TM) 64-Bit Server VM 18.9 (11.0.10+8-LTS-162, mixed mode, tiered, compressed oops, g1 gc, windows-amd64)
Heap:
 garbage-first heap   total 155648K, used 93368K [0x0000000083800000, 0x0000000100000000)
  region size 1024K, 76 young (77824K), 8 survivors (8192K)
 Metaspace       used 49638K, capacity 50949K, committed 51200K, reserved 1093632K
  class space    used 6056K, capacity 6607K, committed 6656K, reserved 1048576K
GC Heap History (10 events):
Event: 5.218 GC heap before
{Heap before GC invocations=4 (full 0):
 garbage-first heap   total 129024K, used 75565K [0x0000000083800000, 0x0000000100000000)
  region size 1024K, 66 young (67584K), 4 survivors (4096K)
 Metaspace       used 33896K, capacity 34860K, committed 34944K, reserved 1079296K
  class space    used 4107K, capacity 4470K, committed 4480K, reserved 1048576K
}
Event: 5.227 GC heap after
{Heap after GC invocations=5 (full 0):
 garbage-first heap   total 129024K, used 13825K [0x0000000083800000, 0x0000000100000000)
  region size 1024K, 6 young (6144K), 6 survivors (6144K)
 Metaspace       used 33896K, capacity 34860K, committed 34944K, reserved 1079296K
  class space    used 4107K, capacity 4470K, committed 4480K, reserved 1048576K
}
Event: 5.365 GC heap before
{Heap before GC invocations=5 (full 0):
 garbage-first heap   total 129024K, used 30209K [0x0000000083800000, 0x0000000100000000)
  region size 1024K, 24 young (24576K), 6 survivors (6144K)
 Metaspace       used 34852K, capacity 35725K, committed 35840K, reserved 1081344K
  class space    used 4188K, capacity 4545K, committed 4608K, reserved 1048576K
}
Event: 5.373 GC heap after
{Heap after GC invocations=6 (full 0):
 garbage-first heap   total 129024K, used 15606K [0x0000000083800000, 0x0000000100000000)
  region size 1024K, 6 young (6144K), 6 survivors (6144K)
 Metaspace       used 34852K, capacity 35725K, committed 35840K, reserved 1081344K
  class space    used 4188K, capacity 4545K, committed 4608K, reserved 1048576K
}
Event: 6.306 GC heap before
{Heap before GC invocations=7 (full 0):
 garbage-first heap   total 129024K, used 77046K [0x0000000083800000, 0x0000000100000000)
  region size 1024K, 66 young (67584K), 6 survivors (6144K)
 Metaspace       used 38441K, capacity 39508K, committed 39680K, reserved 1083392K
  class space    used 4680K, capacity 5076K, committed 5120K, reserved 1048576K
}
Event: 6.317 GC heap after
{Heap after GC invocations=8 (full 0):
 garbage-first heap   total 129024K, used 17234K [0x0000000083800000, 0x0000000100000000)
  region size 1024K, 7 young (7168K), 7 survivors (7168K)
 Metaspace       used 38441K, capacity 39508K, committed 39680K, reserved 1083392K
  class space    used 4680K, capacity 5076K, committed 5120K, reserved 1048576K
}
Event: 7.265 GC heap before
{Heap before GC invocations=8 (full 0):
 garbage-first heap   total 129024K, used 81746K [0x0000000083800000, 0x0000000100000000)
  region size 1024K, 70 young (71680K), 7 survivors (7168K)
 Metaspace       used 44630K, capacity 45783K, committed 45824K, reserved 1089536K
  class space    used 5425K, capacity 5877K, committed 5888K, reserved 1048576K
}
Event: 7.277 GC heap after
{Heap after GC invocations=9 (full 0):
 garbage-first heap   total 155648K, used 20588K [0x0000000083800000, 0x0000000100000000)
  region size 1024K, 7 young (7168K), 7 survivors (7168K)
 Metaspace       used 44630K, capacity 45783K, committed 45824K, reserved 1089536K
  class space    used 5425K, capacity 5877K, committed 5888K, reserved 1048576K
}
Event: 8.893 GC heap before
{Heap before GC invocations=9 (full 0):
 garbage-first heap   total 155648K, used 96364K [0x0000000083800000, 0x0000000100000000)
  region size 1024K, 81 young (82944K), 7 survivors (7168K)
 Metaspace       used 48248K, capacity 49481K, committed 49664K, reserved 1093632K
  class space    used 5873K, capacity 6373K, committed 6400K, reserved 1048576K
}
Event: 8.908 GC heap after
{Heap after GC invocations=10 (full 0):
 garbage-first heap   total 155648K, used 24760K [0x0000000083800000, 0x0000000100000000)
  region size 1024K, 8 young (8192K), 8 survivors (8192K)
 Metaspace       used 48248K, capacity 49481K, committed 49664K, reserved 1093632K
  class space    used 5873K, capacity 6373K, committed 6400K, reserved 1048576K
}

